Success (1):
processModel 1009 0002e380-940e-8000-0b9d-014d98014d98 "ASD Perform Mathematical Operation"

Referenced precedents that were not exported (1):
processModelFolder 65 _g-0000e367-8744-8000-0b9d-014d98014d98_236

Trace:
2019-11-08 06:27:17.555 DEBUG processModel 1009 0002e380-940e-8000-0b9d-014d98014d98 Begin transport.
2019-11-08 06:27:17.555 DEBUG processModel 1009 0002e380-940e-8000-0b9d-014d98014d98 Retrieving object data.
2019-11-08 06:27:17.58 DEBUG processModel 1009 0002e380-940e-8000-0b9d-014d98014d98 Setting uuids of object references.
2019-11-08 06:27:17.58 DEBUG processModel 1009 0002e380-940e-8000-0b9d-014d98014d98 Processing reference: ProcessModelHaul.folderId
2019-11-08 06:27:17.581 DEBUG processModel 1009 0002e380-940e-8000-0b9d-014d98014d98 Processing reference: ProcessModelHaul.modelDashboardPageId
2019-11-08 06:27:17.581 DEBUG processModel 1009 0002e380-940e-8000-0b9d-014d98014d98 Processing reference: ProcessModelHaul.processDashboardPageId
2019-11-08 06:27:17.581 DEBUG processModel 1009 0002e380-940e-8000-0b9d-014d98014d98 Processing reference: ProcessModel.emailAttachmentFolderId
2019-11-08 06:27:17.582 DEBUG processModel 1009 0002e380-940e-8000-0b9d-014d98014d98 Processing reference: InternalForm.docId
2019-11-08 06:27:17.583 DEBUG processModel 1009 0002e380-940e-8000-0b9d-014d98014d98 Processing reference: ActivityClassParameter[name=pmID,it=23,v=<null>]
2019-11-08 06:27:17.583 DEBUG processModel 1009 0002e380-940e-8000-0b9d-014d98014d98 Processing reference: ActivityClassParameter[name=inMap,it=111,v={}]
2019-11-08 06:27:17.583 DEBUG processModel 1009 0002e380-940e-8000-0b9d-014d98014d98 Processing reference: ActivityClassParameter[name=procInheritsPriority,it=1,v=1]
2019-11-08 06:27:17.583 DEBUG processModel 1009 0002e380-940e-8000-0b9d-014d98014d98 Processing reference: ActivityClassParameter[name=pmUUID,it=3,v=]
2019-11-08 06:27:17.583 DEBUG processModel 1009 0002e380-940e-8000-0b9d-014d98014d98 Processing reference: ActivityClassParameter[name=isAsynchronous,it=26,v=1]
2019-11-08 06:27:17.583 DEBUG processModel 1009 0002e380-940e-8000-0b9d-014d98014d98 Processing reference: ActivityClassParameter[name=isTransparent,it=26,v=1]
2019-11-08 06:27:17.584 DEBUG processModel 1009 0002e380-940e-8000-0b9d-014d98014d98 Processing reference: ActivityClassParameter[name=inheritSecurity,it=26,v=0]
2019-11-08 06:27:17.584 DEBUG processModel 1009 0002e380-940e-8000-0b9d-014d98014d98 Processing reference: ProcessVariable[name=Multiply,it=1,v=0]
2019-11-08 06:27:17.584 DEBUG processModel 1009 0002e380-940e-8000-0b9d-014d98014d98 Processing reference: ProcessVariable[name=Sub,it=1,v=0]
2019-11-08 06:27:17.584 DEBUG processModel 1009 0002e380-940e-8000-0b9d-014d98014d98 Processing reference: ProcessVariable[name=pv1,it=1,v=0]
2019-11-08 06:27:17.584 DEBUG processModel 1009 0002e380-940e-8000-0b9d-014d98014d98 Processing reference: ProcessVariable[name=pv2,it=1,v=0]
2019-11-08 06:27:17.584 DEBUG processModel 1009 0002e380-940e-8000-0b9d-014d98014d98 Processing reference: ProcessVariable[name=sum,it=1,v=0]
2019-11-08 06:27:17.584 DEBUG processModel 1009 0002e380-940e-8000-0b9d-014d98014d98 Processing reference: com.appiancorp.suiteapi.process.ProcessRoleMap@43605f28[
  Role[name=ADMIN_OWNER]
  Role[name=EDITOR]
  Role[name=EXPLICIT_NONMEMBER]
  Role[name=VIEWER]
  Role[name=MANAGER]
  Role[name=INITIATOR]
]
2019-11-08 06:27:17.585 DEBUG processModel 1009 0002e380-940e-8000-0b9d-014d98014d98 Processing reference: Role[name=ADMIN_OWNER]
2019-11-08 06:27:17.585 DEBUG processModel 1009 0002e380-940e-8000-0b9d-014d98014d98 Processing reference: Role[name=EDITOR]
2019-11-08 06:27:17.585 DEBUG processModel 1009 0002e380-940e-8000-0b9d-014d98014d98 Processing reference: Role[name=EXPLICIT_NONMEMBER]
2019-11-08 06:27:17.585 DEBUG processModel 1009 0002e380-940e-8000-0b9d-014d98014d98 Processing reference: Role[name=VIEWER]
2019-11-08 06:27:17.585 DEBUG processModel 1009 0002e380-940e-8000-0b9d-014d98014d98 Processing reference: Role[name=MANAGER]
2019-11-08 06:27:17.585 DEBUG processModel 1009 0002e380-940e-8000-0b9d-014d98014d98 Processing reference: Role[name=INITIATOR]
2019-11-08 06:27:17.585 DEBUG processModel 1009 0002e380-940e-8000-0b9d-014d98014d98 Completing produce.
2019-11-08 06:27:17.585 DEBUG processModel 1009 0002e380-940e-8000-0b9d-014d98014d98 Exporting binary resources.
2019-11-08 06:27:17.585 DEBUG processModel 1009 0002e380-940e-8000-0b9d-014d98014d98 Serializing object to XML.
2019-11-08 06:27:17.802 DEBUG processModel 1009 0002e380-940e-8000-0b9d-014d98014d98 Object transported.
